2025-08-02T13:05:52.787+05:30  INFO 7576 --- [passenger] [main] c.e.P.PassengerReservationApplication    : Starting PassengerReservationApplication using Java 24.0.1 with PID 7576 (E:\Java\Java Programs\Project Development\Dev-Reservation-Microservice\Passenger-Reservation\target\classes started by Gokul Nath in E:\Java\Java Programs\Project Development\Dev-Reservation-Microservice)
2025-08-02T13:05:52.790+05:30  INFO 7576 --- [passenger] [main] c.e.P.PassengerReservationApplication    : No active profile set, falling back to 1 default profile: "default"
2025-08-02T13:05:55.914+05:30  INFO 7576 --- [passenger] [main] .s.d.r.c.RepositoryConfigurationDelegate : Bootstrapping Spring Data JPA repositories in DEFAULT mode.
2025-08-02T13:05:56.059+05:30  INFO 7576 --- [passenger] [main] .s.d.r.c.RepositoryConfigurationDelegate : Finished Spring Data repository scanning in 114 ms. Found 1 JPA repository interface.
2025-08-02T13:05:56.486+05:30  INFO 7576 --- [passenger] [main] o.s.cloud.context.scope.GenericScope     : BeanFactory id=0045c825-68c0-363c-80df-694d1ea0150d
2025-08-02T13:05:57.492+05:30  INFO 7576 --- [passenger] [main] o.s.b.w.embedded.tomcat.TomcatWebServer  : Tomcat initialized with port 8082 (http)
2025-08-02T13:05:57.523+05:30  INFO 7576 --- [passenger] [main] o.apache.catalina.core.StandardService   : Starting service [Tomcat]
2025-08-02T13:05:57.524+05:30  INFO 7576 --- [passenger] [main] o.apache.catalina.core.StandardEngine    : Starting Servlet engine: [Apache Tomcat/10.1.43]
2025-08-02T13:05:57.750+05:30  INFO 7576 --- [passenger] [main] o.a.c.c.C.[Tomcat].[localhost].[/]       : Initializing Spring embedded WebApplicationContext
2025-08-02T13:05:57.752+05:30  INFO 7576 --- [passenger] [main] w.s.c.ServletWebServerApplicationContext : Root WebApplicationContext: initialization completed in 4824 ms
2025-08-02T13:05:58.410+05:30  INFO 7576 --- [passenger] [main] o.hibernate.jpa.internal.util.LogHelper  : HHH000204: Processing PersistenceUnitInfo [name: default]
2025-08-02T13:05:58.650+05:30  INFO 7576 --- [passenger] [main] org.hibernate.Version                    : HHH000412: Hibernate ORM core version 6.6.22.Final
2025-08-02T13:05:58.742+05:30  INFO 7576 --- [passenger] [main] o.h.c.internal.RegionFactoryInitiator    : HHH000026: Second-level cache disabled
2025-08-02T13:05:59.387+05:30  INFO 7576 --- [passenger] [main] o.s.o.j.p.SpringPersistenceUnitInfo      : No LoadTimeWeaver setup: ignoring JPA class transformer
2025-08-02T13:05:59.457+05:30  INFO 7576 --- [passenger] [main] com.zaxxer.hikari.HikariDataSource       : HikariPool-1 - Starting...
2025-08-02T13:06:00.329+05:30  INFO 7576 --- [passenger] [main] com.zaxxer.hikari.pool.HikariPool        : HikariPool-1 - Added connection com.mysql.cj.jdbc.ConnectionImpl@312819ae
2025-08-02T13:06:00.334+05:30  INFO 7576 --- [passenger] [main] com.zaxxer.hikari.HikariDataSource       : HikariPool-1 - Start completed.
2025-08-02T13:06:00.531+05:30  INFO 7576 --- [passenger] [main] org.hibernate.orm.connections.pooling    : HHH10001005: Database info:
	Database JDBC URL [Connecting through datasource 'HikariDataSource (HikariPool-1)']
	Database driver: undefined/unknown
	Database version: 8.0.35
	Autocommit mode: undefined/unknown
	Isolation level: undefined/unknown
	Minimum pool size: undefined/unknown
	Maximum pool size: undefined/unknown
2025-08-02T13:06:02.212+05:30  INFO 7576 --- [passenger] [main] o.h.e.t.j.p.i.JtaPlatformInitiator       : HHH000489: No JTA platform available (set 'hibernate.transaction.jta.platform' to enable JTA platform integration)
2025-08-02T13:06:04.274+05:30  INFO 7576 --- [passenger] [main] j.LocalContainerEntityManagerFactoryBean : Initialized JPA EntityManagerFactory for persistence unit 'default'
2025-08-02T13:06:05.082+05:30  WARN 7576 --- [passenger] [main] JpaBaseConfiguration$JpaWebConfiguration : spring.jpa.open-in-view is enabled by default. Therefore, database queries may be performed during view rendering. Explicitly configure spring.jpa.open-in-view to disable this warning
2025-08-02T13:06:07.018+05:30  INFO 7576 --- [passenger] [main] o.s.b.a.e.web.EndpointLinksResolver      : Exposing 3 endpoints beneath base path '/actuator'
2025-08-02T13:06:07.201+05:30  INFO 7576 --- [passenger] [main] o.s.b.w.embedded.tomcat.TomcatWebServer  : Tomcat started on port 8082 (http) with context path '/'
2025-08-02T13:06:07.280+05:30  INFO 7576 --- [passenger] [main] c.e.P.PassengerReservationApplication    : Started PassengerReservationApplication in 15.923 seconds (process running for 19.484)
2025-08-02T13:06:45.776+05:30  INFO 7576 --- [passenger] [SpringApplicationShutdownHook] o.s.b.w.e.tomcat.GracefulShutdown        : Commencing graceful shutdown. Waiting for active requests to complete
2025-08-02T13:06:45.785+05:30  INFO 7576 --- [passenger] [tomcat-shutdown] o.s.b.w.e.tomcat.GracefulShutdown        : Graceful shutdown complete
2025-08-02T13:06:45.795+05:30  INFO 7576 --- [passenger] [SpringApplicationShutdownHook] j.LocalContainerEntityManagerFactoryBean : Closing JPA EntityManagerFactory for persistence unit 'default'
2025-08-02T13:06:45.800+05:30  INFO 7576 --- [passenger] [SpringApplicationShutdownHook] com.zaxxer.hikari.HikariDataSource       : HikariPool-1 - Shutdown initiated...
2025-08-02T13:06:45.824+05:30  INFO 7576 --- [passenger] [SpringApplicationShutdownHook] com.zaxxer.hikari.HikariDataSource       : HikariPool-1 - Shutdown completed.
